D:\учебка\ооп\курсовая\курсовая\DEBUG\MAIN.OBJ
D:\учебка\ооп\курсовая\курсовая\DEBUG\WEAPON.OBJ
D:\УЧЕБКА\ООП\КУРСОВАЯ\КУРСОВАЯ\DEBUG\VC110.PDB
D:\учебка\ооп\курсовая\DEBUG\курсовая.ILK
D:\учебка\ооп\курсовая\DEBUG\курсовая.EXE
D:\УЧЕБКА\ООП\КУРСОВАЯ\DEBUG\КУРСОВАЯ.PDB
D:\учебка\ооп\курсовая\DEBUG\WEAPON.ILK
D:\учебка\ооп\курсовая\DEBUG\WEAPON.EXE
D:\УЧЕБКА\ООП\КУРСОВАЯ\DEBUG\WEAPON.PDB
D:\учебка\ооп\курсовая\курсовая\Debug\main.obj
D:\учебка\ооп\курсовая\курсовая\Debug\weapon.obj
D:\учебка\ооп\курсовая\курсовая\Debug\cl.command.1.tlog
D:\учебка\ооп\курсовая\курсовая\Debug\CL.read.1.tlog
D:\учебка\ооп\курсовая\курсовая\Debug\CL.write.1.tlog
D:\учебка\ооп\курсовая\курсовая\Debug\link-cvtres.read.1.tlog
D:\учебка\ооп\курсовая\курсовая\Debug\link-cvtres.write.1.tlog
D:\учебка\ооп\курсовая\курсовая\Debug\link-rc.read.1.tlog
D:\учебка\ооп\курсовая\курсовая\Debug\link-rc.write.1.tlog
D:\учебка\ооп\курсовая\курсовая\Debug\link.10356-cvtres.read.1.tlog
D:\учебка\ооп\курсовая\курсовая\Debug\link.10356-cvtres.write.1.tlog
D:\учебка\ооп\курсовая\курсовая\Debug\link.10356-rc.read.1.tlog
D:\учебка\ооп\курсовая\курсовая\Debug\link.10356-rc.write.1.tlog
D:\учебка\ооп\курсовая\курсовая\Debug\link.10356.read.1.tlog
D:\учебка\ооп\курсовая\курсовая\Debug\link.10356.write.1.tlog
D:\учебка\ооп\курсовая\курсовая\Debug\link.10720-cvtres.read.1.tlog
D:\учебка\ооп\курсовая\курсовая\Debug\link.10720-cvtres.write.1.tlog
D:\учебка\ооп\курсовая\курсовая\Debug\link.10720-rc.read.1.tlog
D:\учебка\ооп\курсовая\курсовая\Debug\link.10720-rc.write.1.tlog
D:\учебка\ооп\курсовая\курсовая\Debug\link.10720.read.1.tlog
D:\учебка\ооп\курсовая\курсовая\Debug\link.10720.write.1.tlog
D:\учебка\ооп\курсовая\курсовая\Debug\link.10792-cvtres.read.1.tlog
D:\учебка\ооп\курсовая\курсовая\Debug\link.10792-cvtres.write.1.tlog
D:\учебка\ооп\курсовая\курсовая\Debug\link.10792-rc.read.1.tlog
D:\учебка\ооп\курсовая\курсовая\Debug\link.10792-rc.write.1.tlog
D:\учебка\ооп\курсовая\курсовая\Debug\link.10792.read.1.tlog
D:\учебка\ооп\курсовая\курсовая\Debug\link.10792.write.1.tlog
D:\учебка\ооп\курсовая\курсовая\Debug\link.10908-cvtres.read.1.tlog
D:\учебка\ооп\курсовая\курсовая\Debug\link.10908-cvtres.write.1.tlog
D:\учебка\ооп\курсовая\курсовая\Debug\link.10908-rc.read.1.tlog
D:\учебка\ооп\курсовая\курсовая\Debug\link.10908-rc.write.1.tlog
D:\учебка\ооп\курсовая\курсовая\Debug\link.10908.read.1.tlog
D:\учебка\ооп\курсовая\курсовая\Debug\link.10908.write.1.tlog
D:\учебка\ооп\курсовая\курсовая\Debug\link.10936-cvtres.read.1.tlog
D:\учебка\ооп\курсовая\курсовая\Debug\link.10936-cvtres.write.1.tlog
D:\учебка\ооп\курсовая\курсовая\Debug\link.10936-rc.read.1.tlog
D:\учебка\ооп\курсовая\курсовая\Debug\link.10936-rc.write.1.tlog
D:\учебка\ооп\курсовая\курсовая\Debug\link.10936.read.1.tlog
D:\учебка\ооп\курсовая\курсовая\Debug\link.10936.write.1.tlog
D:\учебка\ооп\курсовая\курсовая\Debug\link.10964-cvtres.read.1.tlog
D:\учебка\ооп\курсовая\курсовая\Debug\link.10964-cvtres.write.1.tlog
D:\учебка\ооп\курсовая\курсовая\Debug\link.10964-rc.read.1.tlog
D:\учебка\ооп\курсовая\курсовая\Debug\link.10964-rc.write.1.tlog
D:\учебка\ооп\курсовая\курсовая\Debug\link.10964.read.1.tlog
D:\учебка\ооп\курсовая\курсовая\Debug\link.10964.write.1.tlog
D:\учебка\ооп\курсовая\курсовая\Debug\link.11124-cvtres.read.1.tlog
D:\учебка\ооп\курсовая\курсовая\Debug\link.11124-cvtres.write.1.tlog
D:\учебка\ооп\курсовая\курсовая\Debug\link.11124-rc.read.1.tlog
D:\учебка\ооп\курсовая\курсовая\Debug\link.11124-rc.write.1.tlog
D:\учебка\ооп\курсовая\курсовая\Debug\link.11124.read.1.tlog
D:\учебка\ооп\курсовая\курсовая\Debug\link.11124.write.1.tlog
D:\учебка\ооп\курсовая\курсовая\Debug\link.11140-cvtres.read.1.tlog
D:\учебка\ооп\курсовая\курсовая\Debug\link.11140-cvtres.write.1.tlog
D:\учебка\ооп\курсовая\курсовая\Debug\link.11140-rc.read.1.tlog
D:\учебка\ооп\курсовая\курсовая\Debug\link.11140-rc.write.1.tlog
D:\учебка\ооп\курсовая\курсовая\Debug\link.11140.read.1.tlog
D:\учебка\ооп\курсовая\курсовая\Debug\link.11140.write.1.tlog
D:\учебка\ооп\курсовая\курсовая\Debug\link.2076-cvtres.read.1.tlog
D:\учебка\ооп\курсовая\курсовая\Debug\link.2076-cvtres.write.1.tlog
D:\учебка\ооп\курсовая\курсовая\Debug\link.2076-rc.read.1.tlog
D:\учебка\ооп\курсовая\курсовая\Debug\link.2076-rc.write.1.tlog
D:\учебка\ооп\курсовая\курсовая\Debug\link.2076.read.1.tlog
D:\учебка\ооп\курсовая\курсовая\Debug\link.2076.write.1.tlog
D:\учебка\ооп\курсовая\курсовая\Debug\link.2628-cvtres.read.1.tlog
D:\учебка\ооп\курсовая\курсовая\Debug\link.2628-cvtres.write.1.tlog
D:\учебка\ооп\курсовая\курсовая\Debug\link.2628-rc.read.1.tlog
D:\учебка\ооп\курсовая\курсовая\Debug\link.2628-rc.write.1.tlog
D:\учебка\ооп\курсовая\курсовая\Debug\link.2628.read.1.tlog
D:\учебка\ооп\курсовая\курсовая\Debug\link.2628.write.1.tlog
D:\учебка\ооп\курсовая\курсовая\Debug\link.2972-cvtres.read.1.tlog
D:\учебка\ооп\курсовая\курсовая\Debug\link.2972-cvtres.write.1.tlog
D:\учебка\ооп\курсовая\курсовая\Debug\link.2972-rc.read.1.tlog
D:\учебка\ооп\курсовая\курсовая\Debug\link.2972-rc.write.1.tlog
D:\учебка\ооп\курсовая\курсовая\Debug\link.2972.read.1.tlog
D:\учебка\ооп\курсовая\курсовая\Debug\link.2972.write.1.tlog
D:\учебка\ооп\курсовая\курсовая\Debug\link.3212-cvtres.read.1.tlog
D:\учебка\ооп\курсовая\курсовая\Debug\link.3212-cvtres.write.1.tlog
D:\учебка\ооп\курсовая\курсовая\Debug\link.3212-rc.read.1.tlog
D:\учебка\ооп\курсовая\курсовая\Debug\link.3212-rc.write.1.tlog
D:\учебка\ооп\курсовая\курсовая\Debug\link.3212.read.1.tlog
D:\учебка\ооп\курсовая\курсовая\Debug\link.3212.write.1.tlog
D:\учебка\ооп\курсовая\курсовая\Debug\link.3220-cvtres.read.1.tlog
D:\учебка\ооп\курсовая\курсовая\Debug\link.3220-cvtres.write.1.tlog
D:\учебка\ооп\курсовая\курсовая\Debug\link.3220-rc.read.1.tlog
D:\учебка\ооп\курсовая\курсовая\Debug\link.3220-rc.write.1.tlog
D:\учебка\ооп\курсовая\курсовая\Debug\link.3220.read.1.tlog
D:\учебка\ооп\курсовая\курсовая\Debug\link.3220.write.1.tlog
D:\учебка\ооп\курсовая\курсовая\Debug\link.3380-cvtres.read.1.tlog
D:\учебка\ооп\курсовая\курсовая\Debug\link.3380-cvtres.write.1.tlog
D:\учебка\ооп\курсовая\курсовая\Debug\link.3380-rc.read.1.tlog
D:\учебка\ооп\курсовая\курсовая\Debug\link.3380-rc.write.1.tlog
D:\учебка\ооп\курсовая\курсовая\Debug\link.3380.read.1.tlog
D:\учебка\ооп\курсовая\курсовая\Debug\link.3380.write.1.tlog
D:\учебка\ооп\курсовая\курсовая\Debug\link.4016-cvtres.read.1.tlog
D:\учебка\ооп\курсовая\курсовая\Debug\link.4016-cvtres.write.1.tlog
D:\учебка\ооп\курсовая\курсовая\Debug\link.4016-rc.read.1.tlog
D:\учебка\ооп\курсовая\курсовая\Debug\link.4016-rc.write.1.tlog
D:\учебка\ооп\курсовая\курсовая\Debug\link.4016.read.1.tlog
D:\учебка\ооп\курсовая\курсовая\Debug\link.4016.write.1.tlog
D:\учебка\ооп\курсовая\курсовая\Debug\link.4220-cvtres.read.1.tlog
D:\учебка\ооп\курсовая\курсовая\Debug\link.4220-cvtres.write.1.tlog
D:\учебка\ооп\курсовая\курсовая\Debug\link.4220-rc.read.1.tlog
D:\учебка\ооп\курсовая\курсовая\Debug\link.4220-rc.write.1.tlog
D:\учебка\ооп\курсовая\курсовая\Debug\link.4220.read.1.tlog
D:\учебка\ооп\курсовая\курсовая\Debug\link.4220.write.1.tlog
D:\учебка\ооп\курсовая\курсовая\Debug\link.440-cvtres.read.1.tlog
D:\учебка\ооп\курсовая\курсовая\Debug\link.440-cvtres.write.1.tlog
D:\учебка\ооп\курсовая\курсовая\Debug\link.440-rc.read.1.tlog
D:\учебка\ооп\курсовая\курсовая\Debug\link.440-rc.write.1.tlog
D:\учебка\ооп\курсовая\курсовая\Debug\link.440.read.1.tlog
D:\учебка\ооп\курсовая\курсовая\Debug\link.440.write.1.tlog
D:\учебка\ооп\курсовая\курсовая\Debug\link.4588-cvtres.read.1.tlog
D:\учебка\ооп\курсовая\курсовая\Debug\link.4588-cvtres.write.1.tlog
D:\учебка\ооп\курсовая\курсовая\Debug\link.4588-rc.read.1.tlog
D:\учебка\ооп\курсовая\курсовая\Debug\link.4588-rc.write.1.tlog
D:\учебка\ооп\курсовая\курсовая\Debug\link.4588.read.1.tlog
D:\учебка\ооп\курсовая\курсовая\Debug\link.4588.write.1.tlog
D:\учебка\ооп\курсовая\курсовая\Debug\link.4876-cvtres.read.1.tlog
D:\учебка\ооп\курсовая\курсовая\Debug\link.4876-cvtres.write.1.tlog
D:\учебка\ооп\курсовая\курсовая\Debug\link.4876-rc.read.1.tlog
D:\учебка\ооп\курсовая\курсовая\Debug\link.4876-rc.write.1.tlog
D:\учебка\ооп\курсовая\курсовая\Debug\link.4876.read.1.tlog
D:\учебка\ооп\курсовая\курсовая\Debug\link.4876.write.1.tlog
D:\учебка\ооп\курсовая\курсовая\Debug\link.4996-cvtres.read.1.tlog
D:\учебка\ооп\курсовая\курсовая\Debug\link.4996-cvtres.write.1.tlog
D:\учебка\ооп\курсовая\курсовая\Debug\link.4996-rc.read.1.tlog
D:\учебка\ооп\курсовая\курсовая\Debug\link.4996-rc.write.1.tlog
D:\учебка\ооп\курсовая\курсовая\Debug\link.4996.read.1.tlog
D:\учебка\ооп\курсовая\курсовая\Debug\link.4996.write.1.tlog
D:\учебка\ооп\курсовая\курсовая\Debug\link.5128-cvtres.read.1.tlog
D:\учебка\ооп\курсовая\курсовая\Debug\link.5128-cvtres.write.1.tlog
D:\учебка\ооп\курсовая\курсовая\Debug\link.5128-rc.read.1.tlog
D:\учебка\ооп\курсовая\курсовая\Debug\link.5128-rc.write.1.tlog
D:\учебка\ооп\курсовая\курсовая\Debug\link.5128.read.1.tlog
D:\учебка\ооп\курсовая\курсовая\Debug\link.5128.write.1.tlog
D:\учебка\ооп\курсовая\курсовая\Debug\link.5208-cvtres.read.1.tlog
D:\учебка\ооп\курсовая\курсовая\Debug\link.5208-cvtres.write.1.tlog
D:\учебка\ооп\курсовая\курсовая\Debug\link.5208-rc.read.1.tlog
D:\учебка\ооп\курсовая\курсовая\Debug\link.5208-rc.write.1.tlog
D:\учебка\ооп\курсовая\курсовая\Debug\link.5208.read.1.tlog
D:\учебка\ооп\курсовая\курсовая\Debug\link.5208.write.1.tlog
D:\учебка\ооп\курсовая\курсовая\Debug\link.5260-cvtres.read.1.tlog
D:\учебка\ооп\курсовая\курсовая\Debug\link.5260-cvtres.write.1.tlog
D:\учебка\ооп\курсовая\курсовая\Debug\link.5260-rc.read.1.tlog
D:\учебка\ооп\курсовая\курсовая\Debug\link.5260-rc.write.1.tlog
D:\учебка\ооп\курсовая\курсовая\Debug\link.5260.read.1.tlog
D:\учебка\ооп\курсовая\курсовая\Debug\link.5260.write.1.tlog
D:\учебка\ооп\курсовая\курсовая\Debug\link.5500-cvtres.read.1.tlog
D:\учебка\ооп\курсовая\курсовая\Debug\link.5500-cvtres.write.1.tlog
D:\учебка\ооп\курсовая\курсовая\Debug\link.5500-rc.read.1.tlog
D:\учебка\ооп\курсовая\курсовая\Debug\link.5500-rc.write.1.tlog
D:\учебка\ооп\курсовая\курсовая\Debug\link.5500.read.1.tlog
D:\учебка\ооп\курсовая\курсовая\Debug\link.5500.write.1.tlog
D:\учебка\ооп\курсовая\курсовая\Debug\link.5720-cvtres.read.1.tlog
D:\учебка\ооп\курсовая\курсовая\Debug\link.5720-cvtres.write.1.tlog
D:\учебка\ооп\курсовая\курсовая\Debug\link.5720-rc.read.1.tlog
D:\учебка\ооп\курсовая\курсовая\Debug\link.5720-rc.write.1.tlog
D:\учебка\ооп\курсовая\курсовая\Debug\link.5720.read.1.tlog
D:\учебка\ооп\курсовая\курсовая\Debug\link.5720.write.1.tlog
D:\учебка\ооп\курсовая\курсовая\Debug\link.6140-cvtres.read.1.tlog
D:\учебка\ооп\курсовая\курсовая\Debug\link.6140-cvtres.write.1.tlog
D:\учебка\ооп\курсовая\курсовая\Debug\link.6140-rc.read.1.tlog
D:\учебка\ооп\курсовая\курсовая\Debug\link.6140-rc.write.1.tlog
D:\учебка\ооп\курсовая\курсовая\Debug\link.6140.read.1.tlog
D:\учебка\ооп\курсовая\курсовая\Debug\link.6140.write.1.tlog
D:\учебка\ооп\курсовая\курсовая\Debug\link.6308-cvtres.read.1.tlog
D:\учебка\ооп\курсовая\курсовая\Debug\link.6308-cvtres.write.1.tlog
D:\учебка\ооп\курсовая\курсовая\Debug\link.6308-rc.read.1.tlog
D:\учебка\ооп\курсовая\курсовая\Debug\link.6308-rc.write.1.tlog
D:\учебка\ооп\курсовая\курсовая\Debug\link.6308.read.1.tlog
D:\учебка\ооп\курсовая\курсовая\Debug\link.6308.write.1.tlog
D:\учебка\ооп\курсовая\курсовая\Debug\link.6324-cvtres.read.1.tlog
D:\учебка\ооп\курсовая\курсовая\Debug\link.6324-cvtres.write.1.tlog
D:\учебка\ооп\курсовая\курсовая\Debug\link.6324-rc.read.1.tlog
D:\учебка\ооп\курсовая\курсовая\Debug\link.6324-rc.write.1.tlog
D:\учебка\ооп\курсовая\курсовая\Debug\link.6324.read.1.tlog
D:\учебка\ооп\курсовая\курсовая\Debug\link.6324.write.1.tlog
D:\учебка\ооп\курсовая\курсовая\Debug\link.6436-cvtres.read.1.tlog
D:\учебка\ооп\курсовая\курсовая\Debug\link.6436-cvtres.write.1.tlog
D:\учебка\ооп\курсовая\курсовая\Debug\link.6436-rc.read.1.tlog
D:\учебка\ооп\курсовая\курсовая\Debug\link.6436-rc.write.1.tlog
D:\учебка\ооп\курсовая\курсовая\Debug\link.6436.read.1.tlog
D:\учебка\ооп\курсовая\курсовая\Debug\link.6436.write.1.tlog
D:\учебка\ооп\курсовая\курсовая\Debug\link.6976-cvtres.read.1.tlog
D:\учебка\ооп\курсовая\курсовая\Debug\link.6976-cvtres.write.1.tlog
D:\учебка\ооп\курсовая\курсовая\Debug\link.6976-rc.read.1.tlog
D:\учебка\ооп\курсовая\курсовая\Debug\link.6976-rc.write.1.tlog
D:\учебка\ооп\курсовая\курсовая\Debug\link.6976.read.1.tlog
D:\учебка\ооп\курсовая\курсовая\Debug\link.6976.write.1.tlog
D:\учебка\ооп\курсовая\курсовая\Debug\link.6980-cvtres.read.1.tlog
D:\учебка\ооп\курсовая\курсовая\Debug\link.6980-cvtres.write.1.tlog
D:\учебка\ооп\курсовая\курсовая\Debug\link.6980-rc.read.1.tlog
D:\учебка\ооп\курсовая\курсовая\Debug\link.6980-rc.write.1.tlog
D:\учебка\ооп\курсовая\курсовая\Debug\link.6980.read.1.tlog
D:\учебка\ооп\курсовая\курсовая\Debug\link.6980.write.1.tlog
D:\учебка\ооп\курсовая\курсовая\Debug\link.7344-cvtres.read.1.tlog
D:\учебка\ооп\курсовая\курсовая\Debug\link.7344-cvtres.write.1.tlog
D:\учебка\ооп\курсовая\курсовая\Debug\link.7344-rc.read.1.tlog
D:\учебка\ооп\курсовая\курсовая\Debug\link.7344-rc.write.1.tlog
D:\учебка\ооп\курсовая\курсовая\Debug\link.7344.read.1.tlog
D:\учебка\ооп\курсовая\курсовая\Debug\link.7344.write.1.tlog
D:\учебка\ооп\курсовая\курсовая\Debug\link.7992-cvtres.read.1.tlog
D:\учебка\ооп\курсовая\курсовая\Debug\link.7992-cvtres.write.1.tlog
D:\учебка\ооп\курсовая\курсовая\Debug\link.7992-rc.read.1.tlog
D:\учебка\ооп\курсовая\курсовая\Debug\link.7992-rc.write.1.tlog
D:\учебка\ооп\курсовая\курсовая\Debug\link.7992.read.1.tlog
D:\учебка\ооп\курсовая\курсовая\Debug\link.7992.write.1.tlog
D:\учебка\ооп\курсовая\курсовая\Debug\link.8104-cvtres.read.1.tlog
D:\учебка\ооп\курсовая\курсовая\Debug\link.8104-cvtres.write.1.tlog
D:\учебка\ооп\курсовая\курсовая\Debug\link.8104-rc.read.1.tlog
D:\учебка\ооп\курсовая\курсовая\Debug\link.8104-rc.write.1.tlog
D:\учебка\ооп\курсовая\курсовая\Debug\link.8104.read.1.tlog
D:\учебка\ооп\курсовая\курсовая\Debug\link.8104.write.1.tlog
D:\учебка\ооп\курсовая\курсовая\Debug\link.8112-cvtres.read.1.tlog
D:\учебка\ооп\курсовая\курсовая\Debug\link.8112-cvtres.write.1.tlog
D:\учебка\ооп\курсовая\курсовая\Debug\link.8112-rc.read.1.tlog
D:\учебка\ооп\курсовая\курсовая\Debug\link.8112-rc.write.1.tlog
D:\учебка\ооп\курсовая\курсовая\Debug\link.8112.read.1.tlog
D:\учебка\ооп\курсовая\курсовая\Debug\link.8112.write.1.tlog
D:\учебка\ооп\курсовая\курсовая\Debug\link.820-cvtres.read.1.tlog
D:\учебка\ооп\курсовая\курсовая\Debug\link.820-cvtres.write.1.tlog
D:\учебка\ооп\курсовая\курсовая\Debug\link.820-rc.read.1.tlog
D:\учебка\ооп\курсовая\курсовая\Debug\link.820-rc.write.1.tlog
D:\учебка\ооп\курсовая\курсовая\Debug\link.820.read.1.tlog
D:\учебка\ооп\курсовая\курсовая\Debug\link.820.write.1.tlog
D:\учебка\ооп\курсовая\курсовая\Debug\link.8308-cvtres.read.1.tlog
D:\учебка\ооп\курсовая\курсовая\Debug\link.8308-cvtres.write.1.tlog
D:\учебка\ооп\курсовая\курсовая\Debug\link.8308-rc.read.1.tlog
D:\учебка\ооп\курсовая\курсовая\Debug\link.8308-rc.write.1.tlog
D:\учебка\ооп\курсовая\курсовая\Debug\link.8308.read.1.tlog
D:\учебка\ооп\курсовая\курсовая\Debug\link.8308.write.1.tlog
D:\учебка\ооп\курсовая\курсовая\Debug\link.8452-cvtres.read.1.tlog
D:\учебка\ооп\курсовая\курсовая\Debug\link.8452-cvtres.write.1.tlog
D:\учебка\ооп\курсовая\курсовая\Debug\link.8452-rc.read.1.tlog
D:\учебка\ооп\курсовая\курсовая\Debug\link.8452-rc.write.1.tlog
D:\учебка\ооп\курсовая\курсовая\Debug\link.8452.read.1.tlog
D:\учебка\ооп\курсовая\курсовая\Debug\link.8452.write.1.tlog
D:\учебка\ооп\курсовая\курсовая\Debug\link.8468-cvtres.read.1.tlog
D:\учебка\ооп\курсовая\курсовая\Debug\link.8468-cvtres.write.1.tlog
D:\учебка\ооп\курсовая\курсовая\Debug\link.8468-rc.read.1.tlog
D:\учебка\ооп\курсовая\курсовая\Debug\link.8468-rc.write.1.tlog
D:\учебка\ооп\курсовая\курсовая\Debug\link.8468.read.1.tlog
D:\учебка\ооп\курсовая\курсовая\Debug\link.8468.write.1.tlog
D:\учебка\ооп\курсовая\курсовая\Debug\link.876-cvtres.read.1.tlog
D:\учебка\ооп\курсовая\курсовая\Debug\link.876-cvtres.write.1.tlog
D:\учебка\ооп\курсовая\курсовая\Debug\link.876-rc.read.1.tlog
D:\учебка\ооп\курсовая\курсовая\Debug\link.876-rc.write.1.tlog
D:\учебка\ооп\курсовая\курсовая\Debug\link.876.read.1.tlog
D:\учебка\ооп\курсовая\курсовая\Debug\link.876.write.1.tlog
D:\учебка\ооп\курсовая\курсовая\Debug\link.8928-cvtres.read.1.tlog
D:\учебка\ооп\курсовая\курсовая\Debug\link.8928-cvtres.write.1.tlog
D:\учебка\ооп\курсовая\курсовая\Debug\link.8928-rc.read.1.tlog
D:\учебка\ооп\курсовая\курсовая\Debug\link.8928-rc.write.1.tlog
D:\учебка\ооп\курсовая\курсовая\Debug\link.8928.read.1.tlog
D:\учебка\ооп\курсовая\курсовая\Debug\link.8928.write.1.tlog
D:\учебка\ооп\курсовая\курсовая\Debug\link.9248-cvtres.read.1.tlog
D:\учебка\ооп\курсовая\курсовая\Debug\link.9248-cvtres.write.1.tlog
D:\учебка\ооп\курсовая\курсовая\Debug\link.9248-rc.read.1.tlog
D:\учебка\ооп\курсовая\курсовая\Debug\link.9248-rc.write.1.tlog
D:\учебка\ооп\курсовая\курсовая\Debug\link.9248.read.1.tlog
D:\учебка\ооп\курсовая\курсовая\Debug\link.9248.write.1.tlog
D:\учебка\ооп\курсовая\курсовая\Debug\link.9364-cvtres.read.1.tlog
D:\учебка\ооп\курсовая\курсовая\Debug\link.9364-cvtres.write.1.tlog
D:\учебка\ооп\курсовая\курсовая\Debug\link.9364-rc.read.1.tlog
D:\учебка\ооп\курсовая\курсовая\Debug\link.9364-rc.write.1.tlog
D:\учебка\ооп\курсовая\курсовая\Debug\link.9364.read.1.tlog
D:\учебка\ооп\курсовая\курсовая\Debug\link.9364.write.1.tlog
D:\учебка\ооп\курсовая\курсовая\Debug\link.9368-cvtres.read.1.tlog
D:\учебка\ооп\курсовая\курсовая\Debug\link.9368-cvtres.write.1.tlog
D:\учебка\ооп\курсовая\курсовая\Debug\link.9368-rc.read.1.tlog
D:\учебка\ооп\курсовая\курсовая\Debug\link.9368-rc.write.1.tlog
D:\учебка\ооп\курсовая\курсовая\Debug\link.9368.read.1.tlog
D:\учебка\ооп\курсовая\курсовая\Debug\link.9368.write.1.tlog
D:\учебка\ооп\курсовая\курсовая\Debug\link.9748-cvtres.read.1.tlog
D:\учебка\ооп\курсовая\курсовая\Debug\link.9748-cvtres.write.1.tlog
D:\учебка\ооп\курсовая\курсовая\Debug\link.9748-rc.read.1.tlog
D:\учебка\ооп\курсовая\курсовая\Debug\link.9748-rc.write.1.tlog
D:\учебка\ооп\курсовая\курсовая\Debug\link.9748.read.1.tlog
D:\учебка\ооп\курсовая\курсовая\Debug\link.9748.write.1.tlog
D:\учебка\ооп\курсовая\курсовая\Debug\link.9844-cvtres.read.1.tlog
D:\учебка\ооп\курсовая\курсовая\Debug\link.9844-cvtres.write.1.tlog
D:\учебка\ооп\курсовая\курсовая\Debug\link.9844-rc.read.1.tlog
D:\учебка\ооп\курсовая\курсовая\Debug\link.9844-rc.write.1.tlog
D:\учебка\ооп\курсовая\курсовая\Debug\link.9844.read.1.tlog
D:\учебка\ооп\курсовая\курсовая\Debug\link.9844.write.1.tlog
D:\учебка\ооп\курсовая\курсовая\Debug\link.9908-cvtres.read.1.tlog
D:\учебка\ооп\курсовая\курсовая\Debug\link.9908-cvtres.write.1.tlog
D:\учебка\ооп\курсовая\курсовая\Debug\link.9908-rc.read.1.tlog
D:\учебка\ооп\курсовая\курсовая\Debug\link.9908-rc.write.1.tlog
D:\учебка\ооп\курсовая\курсовая\Debug\link.9908.read.1.tlog
D:\учебка\ооп\курсовая\курсовая\Debug\link.9908.write.1.tlog
D:\учебка\ооп\курсовая\курсовая\Debug\link.9964-cvtres.read.1.tlog
D:\учебка\ооп\курсовая\курсовая\Debug\link.9964-cvtres.write.1.tlog
D:\учебка\ооп\курсовая\курсовая\Debug\link.9964-rc.read.1.tlog
D:\учебка\ооп\курсовая\курсовая\Debug\link.9964-rc.write.1.tlog
D:\учебка\ооп\курсовая\курсовая\Debug\link.9964.read.1.tlog
D:\учебка\ооп\курсовая\курсовая\Debug\link.9964.write.1.tlog
D:\учебка\ооп\курсовая\курсовая\Debug\link.9988-cvtres.read.1.tlog
D:\учебка\ооп\курсовая\курсовая\Debug\link.9988-cvtres.write.1.tlog
D:\учебка\ооп\курсовая\курсовая\Debug\link.9988-rc.read.1.tlog
D:\учебка\ооп\курсовая\курсовая\Debug\link.9988-rc.write.1.tlog
D:\учебка\ооп\курсовая\курсовая\Debug\link.9988.read.1.tlog
D:\учебка\ооп\курсовая\курсовая\Debug\link.9988.write.1.tlog
D:\учебка\ооп\курсовая\курсовая\Debug\link.command.1.tlog
D:\учебка\ооп\курсовая\курсовая\Debug\link.read.1.tlog
D:\учебка\ооп\курсовая\курсовая\Debug\link.write.1.tlog
D:\учебка\ооп\курсовая\курсовая\Debug\vc110.idb
D:\учебка\ооп\курсовая\курсовая\Debug\vc110.pdb
D:\учебка\ооп\курсовая\Debug\weapon.pdb
D:\учебка\ооп\курсовая\Debug\weapon.exe
D:\учебка\ооп\курсовая\Debug\weapon.ilk
