  main.cpp
D:\лабы\1к 2с\курсовая\курсовая\main.cpp(159,4): warning C4996: 'strcpy': This function or variable may be unsafe. Consider using strcpy_s instead. To disable deprecation, use _CRT_SECURE_NO_WARNINGS. See online help for details.
D:\лабы\1к 2с\курсовая\курсовая\main.cpp(175,4): warning C4996: 'strcpy': This function or variable may be unsafe. Consider using strcpy_s instead. To disable deprecation, use _CRT_SECURE_NO_WARNINGS. See online help for details.
D:\лабы\1к 2с\курсовая\курсовая\main.cpp(194,4): warning C4996: 'strcpy': This function or variable may be unsafe. Consider using strcpy_s instead. To disable deprecation, use _CRT_SECURE_NO_WARNINGS. See online help for details.
D:\лабы\1к 2с\курсовая\курсовая\main.cpp(401,18): warning C4244: аргумент: преобразование "time_t" в "unsigned int", возможна потеря данных
D:\лабы\1к 2с\курсовая\курсовая\main.cpp(705,18): warning C4244: аргумент: преобразование "time_t" в "unsigned int", возможна потеря данных
D:\лабы\1к 2с\курсовая\курсовая\main.cpp(358,7): warning C4996: 'getch': The POSIX name for this item is deprecated. Instead, use the ISO C and C++ conformant name: _getch. See online help for details.
D:\лабы\1к 2с\курсовая\курсовая\main.cpp(527,8): warning C4996: 'strcpy': This function or variable may be unsafe. Consider using strcpy_s instead. To disable deprecation, use _CRT_SECURE_NO_WARNINGS. See online help for details.
D:\лабы\1к 2с\курсовая\курсовая\main.cpp(532,8): warning C4996: 'strcpy': This function or variable may be unsafe. Consider using strcpy_s instead. To disable deprecation, use _CRT_SECURE_NO_WARNINGS. See online help for details.
D:\лабы\1к 2с\курсовая\курсовая\main.cpp(609,8): warning C4996: 'strcpy': This function or variable may be unsafe. Consider using strcpy_s instead. To disable deprecation, use _CRT_SECURE_NO_WARNINGS. See online help for details.
D:\лабы\1к 2с\курсовая\курсовая\main.cpp(614,8): warning C4996: 'strcpy': This function or variable may be unsafe. Consider using strcpy_s instead. To disable deprecation, use _CRT_SECURE_NO_WARNINGS. See online help for details.
D:\лабы\1к 2с\курсовая\курсовая\main.cpp(760,9): warning C4996: 'getch': The POSIX name for this item is deprecated. Instead, use the ISO C and C++ conformant name: _getch. See online help for details.
D:\лабы\1к 2с\курсовая\курсовая\main.cpp(783,14): warning C4996: 'getch': The POSIX name for this item is deprecated. Instead, use the ISO C and C++ conformant name: _getch. See online help for details.
D:\лабы\1к 2с\курсовая\курсовая\main.cpp(821,14): warning C4996: 'getch': The POSIX name for this item is deprecated. Instead, use the ISO C and C++ conformant name: _getch. See online help for details.
D:\лабы\1к 2с\курсовая\курсовая\main.cpp(848,16): warning C4996: 'getch': The POSIX name for this item is deprecated. Instead, use the ISO C and C++ conformant name: _getch. See online help for details.
D:\лабы\1к 2с\курсовая\курсовая\main.cpp(911,14): warning C4996: 'getch': The POSIX name for this item is deprecated. Instead, use the ISO C and C++ conformant name: _getch. See online help for details.
D:\лабы\1к 2с\курсовая\курсовая\main.cpp(968,14): warning C4996: 'getch': The POSIX name for this item is deprecated. Instead, use the ISO C and C++ conformant name: _getch. See online help for details.
D:\лабы\1к 2с\курсовая\курсовая\main.cpp(1001,16): warning C4996: 'getch': The POSIX name for this item is deprecated. Instead, use the ISO C and C++ conformant name: _getch. See online help for details.
D:\лабы\1к 2с\курсовая\курсовая\main.cpp(1079,14): warning C4996: 'getch': The POSIX name for this item is deprecated. Instead, use the ISO C and C++ conformant name: _getch. See online help for details.
D:\лабы\1к 2с\курсовая\курсовая\main.cpp(1143,14): warning C4996: 'getch': The POSIX name for this item is deprecated. Instead, use the ISO C and C++ conformant name: _getch. See online help for details.
D:\лабы\1к 2с\курсовая\курсовая\main.cpp(1177,16): warning C4996: 'getch': The POSIX name for this item is deprecated. Instead, use the ISO C and C++ conformant name: _getch. See online help for details.
D:\лабы\1к 2с\курсовая\курсовая\main.cpp(1521,19): warning C4244: аргумент: преобразование "time_t" в "unsigned int", возможна потеря данных
D:\лабы\1к 2с\курсовая\курсовая\main.cpp(3478,18): warning C4244: аргумент: преобразование "time_t" в "unsigned int", возможна потеря данных
D:\лабы\1к 2с\курсовая\курсовая\main.cpp(1439,8): warning C4996: 'getch': The POSIX name for this item is deprecated. Instead, use the ISO C and C++ conformant name: _getch. See online help for details.
D:\лабы\1к 2с\курсовая\курсовая\main.cpp(1516,16): warning C4996: 'getch': The POSIX name for this item is deprecated. Instead, use the ISO C and C++ conformant name: _getch. See online help for details.
D:\лабы\1к 2с\курсовая\курсовая\main.cpp(1565,8): warning C4996: 'getch': The POSIX name for this item is deprecated. Instead, use the ISO C and C++ conformant name: _getch. See online help for details.
D:\лабы\1к 2с\курсовая\курсовая\main.cpp(1577,11): warning C4996: 'getch': The POSIX name for this item is deprecated. Instead, use the ISO C and C++ conformant name: _getch. See online help for details.
D:\лабы\1к 2с\курсовая\курсовая\main.cpp(1705,14): warning C4996: 'getch': The POSIX name for this item is deprecated. Instead, use the ISO C and C++ conformant name: _getch. See online help for details.
D:\лабы\1к 2с\курсовая\курсовая\main.cpp(1710,10): warning C4996: 'strcpy': This function or variable may be unsafe. Consider using strcpy_s instead. To disable deprecation, use _CRT_SECURE_NO_WARNINGS. See online help for details.
D:\лабы\1к 2с\курсовая\курсовая\main.cpp(1715,10): warning C4996: 'strcpy': This function or variable may be unsafe. Consider using strcpy_s instead. To disable deprecation, use _CRT_SECURE_NO_WARNINGS. See online help for details.
D:\лабы\1к 2с\курсовая\курсовая\main.cpp(1806,14): warning C4996: 'getch': The POSIX name for this item is deprecated. Instead, use the ISO C and C++ conformant name: _getch. See online help for details.
D:\лабы\1к 2с\курсовая\курсовая\main.cpp(1811,10): warning C4996: 'strcpy': This function or variable may be unsafe. Consider using strcpy_s instead. To disable deprecation, use _CRT_SECURE_NO_WARNINGS. See online help for details.
D:\лабы\1к 2с\курсовая\курсовая\main.cpp(1816,10): warning C4996: 'strcpy': This function or variable may be unsafe. Consider using strcpy_s instead. To disable deprecation, use _CRT_SECURE_NO_WARNINGS. See online help for details.
D:\лабы\1к 2с\курсовая\курсовая\main.cpp(1901,14): warning C4996: 'getch': The POSIX name for this item is deprecated. Instead, use the ISO C and C++ conformant name: _getch. See online help for details.
D:\лабы\1к 2с\курсовая\курсовая\main.cpp(1944,14): warning C4996: 'getch': The POSIX name for this item is deprecated. Instead, use the ISO C and C++ conformant name: _getch. See online help for details.
D:\лабы\1к 2с\курсовая\курсовая\main.cpp(2072,13): warning C4996: 'getch': The POSIX name for this item is deprecated. Instead, use the ISO C and C++ conformant name: _getch. See online help for details.
D:\лабы\1к 2с\курсовая\курсовая\main.cpp(2139,11): warning C4996: 'getch': The POSIX name for this item is deprecated. Instead, use the ISO C and C++ conformant name: _getch. See online help for details.
D:\лабы\1к 2с\курсовая\курсовая\main.cpp(2152,13): warning C4996: 'getch': The POSIX name for this item is deprecated. Instead, use the ISO C and C++ conformant name: _getch. See online help for details.
D:\лабы\1к 2с\курсовая\курсовая\main.cpp(2230,15): warning C4996: 'getch': The POSIX name for this item is deprecated. Instead, use the ISO C and C++ conformant name: _getch. See online help for details.
D:\лабы\1к 2с\курсовая\курсовая\main.cpp(2311,15): warning C4996: 'getch': The POSIX name for this item is deprecated. Instead, use the ISO C and C++ conformant name: _getch. See online help for details.
D:\лабы\1к 2с\курсовая\курсовая\main.cpp(2410,14): warning C4996: 'getch': The POSIX name for this item is deprecated. Instead, use the ISO C and C++ conformant name: _getch. See online help for details.
D:\лабы\1к 2с\курсовая\курсовая\main.cpp(2502,15): warning C4996: 'getch': The POSIX name for this item is deprecated. Instead, use the ISO C and C++ conformant name: _getch. See online help for details.
D:\лабы\1к 2с\курсовая\курсовая\main.cpp(2590,15): warning C4996: 'getch': The POSIX name for this item is deprecated. Instead, use the ISO C and C++ conformant name: _getch. See online help for details.
D:\лабы\1к 2с\курсовая\курсовая\main.cpp(2710,15): warning C4996: 'getch': The POSIX name for this item is deprecated. Instead, use the ISO C and C++ conformant name: _getch. See online help for details.
D:\лабы\1к 2с\курсовая\курсовая\main.cpp(2824,17): warning C4996: 'getch': The POSIX name for this item is deprecated. Instead, use the ISO C and C++ conformant name: _getch. See online help for details.
D:\лабы\1к 2с\курсовая\курсовая\main.cpp(2829,13): warning C4996: 'strcpy': This function or variable may be unsafe. Consider using strcpy_s instead. To disable deprecation, use _CRT_SECURE_NO_WARNINGS. See online help for details.
D:\лабы\1к 2с\курсовая\курсовая\main.cpp(2834,13): warning C4996: 'strcpy': This function or variable may be unsafe. Consider using strcpy_s instead. To disable deprecation, use _CRT_SECURE_NO_WARNINGS. See online help for details.
D:\лабы\1к 2с\курсовая\курсовая\main.cpp(2881,15): warning C4996: 'getch': The POSIX name for this item is deprecated. Instead, use the ISO C and C++ conformant name: _getch. See online help for details.
D:\лабы\1к 2с\курсовая\курсовая\main.cpp(3011,17): warning C4996: 'getch': The POSIX name for this item is deprecated. Instead, use the ISO C and C++ conformant name: _getch. See online help for details.
D:\лабы\1к 2с\курсовая\курсовая\main.cpp(3016,13): warning C4996: 'strcpy': This function or variable may be unsafe. Consider using strcpy_s instead. To disable deprecation, use _CRT_SECURE_NO_WARNINGS. See online help for details.
D:\лабы\1к 2с\курсовая\курсовая\main.cpp(3021,13): warning C4996: 'strcpy': This function or variable may be unsafe. Consider using strcpy_s instead. To disable deprecation, use _CRT_SECURE_NO_WARNINGS. See online help for details.
D:\лабы\1к 2с\курсовая\курсовая\main.cpp(3077,15): warning C4996: 'getch': The POSIX name for this item is deprecated. Instead, use the ISO C and C++ conformant name: _getch. See online help for details.
D:\лабы\1к 2с\курсовая\курсовая\main.cpp(3191,17): warning C4996: 'getch': The POSIX name for this item is deprecated. Instead, use the ISO C and C++ conformant name: _getch. See online help for details.
D:\лабы\1к 2с\курсовая\курсовая\main.cpp(3196,13): warning C4996: 'strcpy': This function or variable may be unsafe. Consider using strcpy_s instead. To disable deprecation, use _CRT_SECURE_NO_WARNINGS. See online help for details.
D:\лабы\1к 2с\курсовая\курсовая\main.cpp(3201,13): warning C4996: 'strcpy': This function or variable may be unsafe. Consider using strcpy_s instead. To disable deprecation, use _CRT_SECURE_NO_WARNINGS. See online help for details.
D:\лабы\1к 2с\курсовая\курсовая\main.cpp(3252,15): warning C4996: 'getch': The POSIX name for this item is deprecated. Instead, use the ISO C and C++ conformant name: _getch. See online help for details.
D:\лабы\1к 2с\курсовая\курсовая\main.cpp(3382,17): warning C4996: 'getch': The POSIX name for this item is deprecated. Instead, use the ISO C and C++ conformant name: _getch. See online help for details.
D:\лабы\1к 2с\курсовая\курсовая\main.cpp(3387,13): warning C4996: 'strcpy': This function or variable may be unsafe. Consider using strcpy_s instead. To disable deprecation, use _CRT_SECURE_NO_WARNINGS. See online help for details.
D:\лабы\1к 2с\курсовая\курсовая\main.cpp(3392,13): warning C4996: 'strcpy': This function or variable may be unsafe. Consider using strcpy_s instead. To disable deprecation, use _CRT_SECURE_NO_WARNINGS. See online help for details.
D:\лабы\1к 2с\курсовая\курсовая\main.cpp(3473,15): warning C4996: 'getch': The POSIX name for this item is deprecated. Instead, use the ISO C and C++ conformant name: _getch. See online help for details.
D:\лабы\1к 2с\курсовая\курсовая\main.cpp(3603,7): warning C4996: 'getch': The POSIX name for this item is deprecated. Instead, use the ISO C and C++ conformant name: _getch. See online help for details.
D:\лабы\1к 2с\курсовая\курсовая\main.cpp(3633,4): warning C4996: 'strcpy': This function or variable may be unsafe. Consider using strcpy_s instead. To disable deprecation, use _CRT_SECURE_NO_WARNINGS. See online help for details.
  курсовая.vcxproj -> D:\лабы\1к 2с\курсовая\Debug\weapon.exe
